[2023-10-26T18:13:42.634Z] [[32minfo[39m]: POST /api/v1/tours
[2023-10-26T18:14:12.409Z] [[32minfo[39m]: GET /api/v1/tours/653aac5665a8d5ae9ac928a4
[2023-10-28T15:19:13.372Z] [[32minfo[39m]: POST /api/v1/tours
[2023-10-28T15:20:02.017Z] [[32minfo[39m]: POST /api/v1/tours
[2023-10-28T15:20:28.144Z] [[32minfo[39m]: POST /api/v1/tours
[2023-10-28T15:21:03.409Z] [[32minfo[39m]: POST /api/v1/tours
[2023-10-28T15:21:05.829Z] [[32minfo[39m]: POST /api/v1/tours
[2023-10-28T15:21:08.558Z] [[32minfo[39m]: POST /api/v1/tours
[2023-10-28T15:21:37.087Z] [[32minfo[39m]: POST /api/v1/tours
[2023-10-28T16:01:03.385Z] [[32minfo[39m]: GET /api/v1/tours/get-tours-inside-specifc-radius?longitude=%20224&latitude=231
[2023-10-28T16:01:27.560Z] [[32minfo[39m]: GET /api/v1/tours/get-tours-inside-specifc-radius?longitude=224&latitude=231
[2023-10-28T16:01:56.213Z] [[32minfo[39m]: GET /api/v1/tours/get-tours-inside-specifc-radius?longitude=224&latitude=231
[2023-10-28T16:02:06.786Z] [[32minfo[39m]: GET /api/v1/tours/get-tours-inside-specifc-radius?longitude=224&latitude=231
[2023-10-28T16:02:59.886Z] [[32minfo[39m]: GET /api/v1/tours/get-tours-inside-specifc-radius?longitude=224&latitude=231
[2023-10-28T16:03:52.033Z] [[32minfo[39m]: GET /api/v1/tours/get-tours-inside-specifc-radius?longitude=224&latitude=231
[2023-10-28T16:04:18.215Z] [[32minfo[39m]: GET /api/v1/tours/get-tours-inside/specifc-radius?longitude=224&latitude=231
[2023-10-28T16:04:58.939Z] [[32minfo[39m]: GET /api/v1/tours/get-tours-insidespecifc-radius?longitude=224&latitude=231
[2023-10-28T16:06:32.139Z] [[32minfo[39m]: GET /api/v1/tours/hello
[2023-10-28T16:06:37.116Z] [[32minfo[39m]: GET /api/v1/tours/hello
[2023-10-28T16:06:38.086Z] [[32minfo[39m]: GET /api/v1/tours/hello
[2023-10-28T16:06:53.024Z] [[32minfo[39m]: GET /api/v1/tours/hello/h1
[2023-10-28T16:07:06.067Z] [[32minfo[39m]: GET /api/v1/tours/hello/hi
[2023-10-28T16:07:27.676Z] [[32minfo[39m]: GET /api/v1/tours/hello-hi
[2023-10-28T16:11:28.524Z] [[32minfo[39m]: GET /api/v1/tours/hello-hi
[2023-10-28T16:11:29.668Z] [[32minfo[39m]: GET /api/v1/tours/hello-hi
[2023-10-28T16:12:01.196Z] [[32minfo[39m]: GET /api/v1/tours/get-tours-inside/specifc-radius?longitude=224&latitude=231
[2023-10-28T16:12:37.641Z] [[32minfo[39m]: GET /api/v1/tours/get-tours-inside/specifc-radius?longitude=224&latitude=231
[2023-10-28T16:13:22.428Z] [[32minfo[39m]: GET /api/v1/tours/get-tours-inside-specifc-radius?longitude=224&latitude=231
[2023-10-28T16:13:28.930Z] [[32minfo[39m]: GET /api/v1/tours/get-tours-inside-specifc-radius/?longitude=224&latitude=231
[2023-10-28T16:14:06.101Z] [[32minfo[39m]: GET /api/v1/tours/tours-inside/specifc-radius/?longitude=224&latitude=231
[2023-10-28T16:14:07.908Z] [[32minfo[39m]: GET /api/v1/tours/tours-inside/specifc-radius/?longitude=224&latitude=231
[2023-10-28T16:27:01.840Z] [[32minfo[39m]: GET /api/v1/tours/tours-inside/specifc-radius/?longitude=150&latitude=66
[2023-10-28T16:36:08.810Z] [[32minfo[39m]: GET /api/v1/tours/tours-inside/specifc-radius/?longitude=150&latitude=90
[2023-10-28T16:38:17.563Z] [[32minfo[39m]: GET /api/v1/tours/tours-inside/specifc-radius/?longitude=160&latitude=90
[2023-10-28T16:43:15.862Z] [[32minfo[39m]: GET /api/v1/tours/653aac5665a8d5ae9ac928a4
[2023-10-28T16:45:08.268Z] [[32minfo[39m]: GET /api/v1/tours/653d267186e2d8e282992e85
[2023-10-28T16:45:17.892Z] [[32minfo[39m]: GET /api/v1/tours/tours-inside/specifc-radius/?longitude=160&latitude=90
[2023-10-28T16:46:43.696Z] [[32minfo[39m]: GET /api/v1/tours/tours-inside/specifc-radius/?longitude=160&latitude=90
[2023-10-28T16:48:57.246Z] [[32minfo[39m]: GET /api/v1/tours/tours-inside/specifc-radius/?longitude=160&latitude=90
[2023-10-29T02:18:36.829Z] [[32minfo[39m]: GET /api/v1/tours/tour-stats
[2023-10-29T02:19:04.329Z] [[32minfo[39m]: POST /api/v1/tours/tour-stats
[2023-10-29T02:20:05.718Z] [[32minfo[39m]: POST /api/v1/tours/tour/stats
[2023-10-29T02:20:07.369Z] [[32minfo[39m]: POST /api/v1/tours/tour/stats
[2023-10-29T02:20:13.715Z] [[32minfo[39m]: GET /api/v1/tours/tour/stats
[2023-10-29T02:20:19.053Z] [[32minfo[39m]: GET /api/v1/tours/tour/stats
[2023-10-29T02:20:19.977Z] [[32minfo[39m]: GET /api/v1/tours/tour/stats
[2023-10-29T02:20:21.041Z] [[32minfo[39m]: GET /api/v1/tours/tour/stats
[2023-10-29T02:20:22.008Z] [[32minfo[39m]: GET /api/v1/tours/tour/stats
[2023-10-29T02:20:22.761Z] [[32minfo[39m]: GET /api/v1/tours/tour/stats
[2023-10-29T02:20:23.489Z] [[32minfo[39m]: GET /api/v1/tours/tour/stats
[2023-10-29T02:20:24.184Z] [[32minfo[39m]: GET /api/v1/tours/tour/stats
[2023-10-29T02:33:40.486Z] [[32minfo[39m]: GET /api/v1/tours/storage/stats
[2023-10-29T02:34:20.118Z] [[32minfo[39m]: GET /api/v1/tours/storage/stats
[2023-10-29T02:34:36.566Z] [[32minfo[39m]: GET /api/v1/tours/storage/stats
[2023-10-29T02:34:39.890Z] [[32minfo[39m]: GET /api/v1/tours/storage/stats
[2023-10-29T02:38:54.561Z] [[32minfo[39m]: GET /api/v1/tours/storage/stats
